2021-11-19T20:50:56.053Z [store-api] error POST  - undefined
2021-11-19T22:50:36.915Z [store-api] error POST  - undefined
2021-11-19T22:50:52.230Z [store-api] error POST  - undefined
2021-11-19T22:51:33.907Z [store-api] error POST  - undefined
2021-11-19T22:51:38.073Z [store-api] error POST  - undefined
2021-11-19T22:51:51.251Z [store-api] error POST  - undefined
2021-11-19T22:52:59.547Z [store-api] error POST  - undefined
2021-11-19T22:53:32.004Z [store-api] error POST  - undefined
2021-11-19T22:53:32.931Z [store-api] error POST  - undefined
2021-11-19T22:53:33.501Z [store-api] error POST  - undefined
2021-11-19T22:53:55.691Z [store-api] error POST  - undefined
2021-11-19T22:54:23.269Z [store-api] error POST  - undefined
2021-11-19T22:56:32.269Z [store-api] info POST /client - {"name":"João","cpf":"15840334780","phone":"991993214","email":"joao@gmail.com","address":"Rua Olaria, n 1060"}
2021-11-19T23:01:41.957Z [store-api] info POST /client - {"name":"João","cpf":"15840334780","phone":"991993214","email":"joao@gmail.com","address":"Rua Olaria, n 1060"}
2021-11-19T23:01:55.545Z [store-api] info POST /client - {"name":"João","cpf":"15840334780","phone":"991993214","email":"joao@gmail.com","address":"Rua Olaria, n 1060"}
2021-11-19T23:08:02.469Z [store-api] info POST /client - {"name":"João","cpf":"15840334780","phone":"991993214","email":"joao@gmail.com","address":"Rua Olaria, n 1060"}
2021-11-19T23:08:11.439Z [store-api] error POST  - undefined
2021-11-19T23:09:59.637Z [store-api] error POST  - undefined
2021-11-19T23:34:04.789Z [store-api] info GET /client
2021-11-19T23:36:42.460Z [store-api] error GET  - undefined
2021-11-19T23:38:29.588Z [store-api] info GET /client
2021-11-20T00:56:29.767Z [store-api] error GET  - undefined
2021-11-20T00:56:54.662Z [store-api] error GET  - undefined
2021-11-20T00:57:47.396Z [store-api] error GET  - undefined
2021-11-20T00:59:18.825Z [store-api] info GET /client
2021-11-20T00:59:47.486Z [store-api] info GET /client
2021-11-20T01:00:04.774Z [store-api] info GET /client
2021-11-20T01:01:07.647Z [store-api] info GET /client
2021-11-20T01:01:07.650Z [store-api] info GET /client
2021-11-20T01:16:07.927Z [store-api] error DELETE  - undefined
2021-11-20T01:16:35.611Z [store-api] info GET /client
2021-11-20T01:54:00.671Z [store-api] error PUT  - undefined
2021-11-20T01:55:12.910Z [store-api] error PUT  - undefined
2021-11-20T01:55:34.056Z [store-api] error PUT  - undefined
2021-11-20T01:57:13.546Z [store-api] info PUT /client - [{"client_id":4,"name":"Juju","cpf":"15840334780","phone":"991993214","email":"joao@gmail.com","address":"Rua Olaria, n 1060"}]
2021-11-20T01:57:19.700Z [store-api] info GET /client
2021-11-20T04:14:32.593Z [store-api] info GET /client
2021-11-20T04:14:37.953Z [store-api] info GET /client
2021-11-20T04:31:52.622Z [store-api] info GET /supplier
2021-11-20T04:31:59.430Z [store-api] error POST  - undefined
2021-11-20T04:36:53.480Z [store-api] info POST /supplier - {"name":"João","cnpj":"15840334780","phone":"991993214","email":"joao@gmail.com","address":"Rua Olaria, n 1060"}
2021-11-20T04:37:04.877Z [store-api] info POST /supplier - {"name":"pIROBA","cnpj":"15840334780","phone":"991993214","email":"joao@gmail.com","address":"Rua Olaria, n 1060"}
2021-11-20T04:37:14.749Z [store-api] info POST /supplier - {"name":"pIROBA3","cnpj":"1584033478sfdsd","phone":"991993214","email":"joao@gmail.com","address":"Rua Olaria, n 1060"}
2021-11-20T04:37:32.471Z [store-api] info GET /supplier
2021-11-20T04:37:38.544Z [store-api] info DELETE /client
2021-11-20T04:37:40.826Z [store-api] info GET /supplier
2021-11-20T04:37:41.343Z [store-api] info GET /supplier
2021-11-20T04:37:52.524Z [store-api] error DELETE  - undefined
2021-11-20T04:39:19.026Z [store-api] info POST /supplier - {"name":"pIROBA3","cnpj":"1584033478sfdsd","phone":"991993214","email":"joao@gmail.com","address":"Rua Olaria, n 1060"}
2021-11-20T04:39:19.028Z [store-api] info POST /supplier - {"name":"pIROBA3","cnpj":"1584033478sfdsd","phone":"991993214","email":"joao@gmail.com","address":"Rua Olaria, n 1060"}
2021-11-20T04:39:19.781Z [store-api] info POST /supplier - {"name":"pIROBA3","cnpj":"1584033478sfdsd","phone":"991993214","email":"joao@gmail.com","address":"Rua Olaria, n 1060"}
2021-11-20T04:39:20.431Z [store-api] info POST /supplier - {"name":"pIROBA3","cnpj":"1584033478sfdsd","phone":"991993214","email":"joao@gmail.com","address":"Rua Olaria, n 1060"}
2021-11-20T04:39:21.054Z [store-api] info POST /supplier - {"name":"pIROBA3","cnpj":"1584033478sfdsd","phone":"991993214","email":"joao@gmail.com","address":"Rua Olaria, n 1060"}
2021-11-20T04:39:24.818Z [store-api] error DELETE  - undefined
2021-11-20T04:39:43.008Z [store-api] error DELETE  - undefined
2021-11-20T04:43:50.690Z [store-api] info GET /supplier
2021-11-20T04:44:58.355Z [store-api] error DELETE  - undefined
2021-11-20T04:46:02.820Z [store-api] error PUT  - undefined
2021-11-20T04:46:22.288Z [store-api] info PUT /supplier - [{"supplier_id":4,"name":"Juju","cnpj":"5840334780","phone":"991993214","email":"joao@gmail.com","address":"Rua Olaria, n 1060"}]
2021-11-20T04:46:27.777Z [store-api] info GET /supplier
2021-11-20T04:46:35.202Z [store-api] error DELETE  - undefined
2021-11-20T04:47:11.769Z [store-api] error DELETE  - undefined
2021-11-20T04:48:58.740Z [store-api] error DELETE  - undefined
2021-11-20T04:49:19.670Z [store-api] info DELETE /supplier
2021-11-20T04:49:24.893Z [store-api] info GET /supplier
2021-11-21T02:31:02.329Z [store-api] info GET /product
2021-11-21T02:35:18.391Z [store-api] info POST /product - {"name":"Notebook Acer","description":"Laptop","value":"2000","stock":"7","supplier_id":"3"}
2021-11-21T02:35:38.706Z [store-api] info GET /product
2021-11-21T02:36:14.105Z [store-api] info POST /product - {"name":"Notebook Acer","description":"Laptop","value":"2000","stock":"7","supplier_id":8}
2021-11-21T02:47:04.118Z [store-api] info GET /product
2021-11-21T02:47:09.537Z [store-api] error POST  - undefined
2021-11-21T02:47:17.357Z [store-api] error POST  - undefined
2021-11-21T02:47:20.512Z [store-api] info POST /product - {"name":"Notebook Acer","description":"Laptop","value":"2000","stock":"7","supplier_id":3}
